FAILED: Package OTA: /root/p404/out/target/product/laurel_sprout/p404_laurel_sprout-ota-eng.root.zip
Outputs: /root/p404/out/target/product/laurel_sprout/p404_laurel_sprout-ota-eng.root.zip /root/p404/out/target/product/laurel_sprout/ota_metadata
Error: exited with code: 1
Command: /bin/bash -c "PATH=/root/p404/out/host/linux-x86/bin/:system/extras/ext4_utils/:/root/p404/out/soong/host/linux-x86/bin/:\$PATH /root/p404/out/host/linux-x86/bin/ota_from_target_files --verbose --extracted_input_target_files /root/p404/out/target/product/laurel_sprout/obj/PACKAGING/target_files_intermediates/p404_laurel_sprout-target_files-eng.root --path /root/p404/out/host/linux-x86  -k build/make/target/product/security/testkey --output_metadata_path /root/p404/out/target/product/laurel_sprout/ota_metadata /root/p404/out/target/product/laurel_sprout/obj/PACKAGING/target_files_intermediates/p404_laurel_sprout-target_files-eng.root.zip /root/p404/out/target/product/laurel_sprout/p404_laurel_sprout-ota-eng.root.zip"
Output:
2022-05-20 13:57:41 - common.py - WARNING : Failed to read SYSTEM/etc/build.prop
2022-05-20 13:57:41 - common.py - WARNING : Failed to read VENDOR/etc/build.prop
2022-05-20 13:57:41 - common.py - WARNING : Failed to read PRODUCT/etc/build.prop
2022-05-20 13:57:41 - common.py - WARNING : Failed to read PRODUCT/build.prop
2022-05-20 13:57:41 - common.py - WARNING : Failed to read SYSTEM_EXT/etc/build.prop
2022-05-20 13:57:41 - common.py - WARNING : Failed to read SYSTEM_EXT/build.prop
2022-05-20 13:57:41 - common.py - WARNING : Failed to read ODM/etc/build.prop
2022-05-20 13:57:41 - common.py - WARNING : Failed to read ODM/build.prop
2022-05-20 13:57:41 - common.py - WARNING : Failed to read VENDOR_DLKM/etc/build.prop
2022-05-20 13:57:41 - common.py - WARNING : Failed to read VENDOR_DLKM/build.prop
2022-05-20 13:57:41 - common.py - WARNING : Failed to read ODM_DLKM/etc/build.prop
2022-05-20 13:57:41 - common.py - WARNING : Failed to read ODM_DLKM/build.prop
2022-05-20 13:57:42 - ota_from_target_files.py - INFO    : --- target info ---
2022-05-20 13:57:42 - common.py - INFO    : ab_partitions             = (list) ['boot', 'dtbo', 'system', 'vbmeta', 'vendor', '']
2022-05-20 13:57:42 - common.py - INFO    : ab_update                 = (str) true
2022-05-20 13:57:42 - common.py - INFO    : avb_avbtool               = (str) avbtool
2022-05-20 13:57:42 - common.py - INFO    : avb_boot_add_hash_footer_args = (str) --prop com.android.build.boot.fingerprint:Xiaomi/laurel_sprout/laurel_sprout:11/RKQ1.200903.002/V12.0.20.0.RFQMIXM:user/release-keys --prop com.android.build.boot.os_version:12
2022-05-20 13:57:42 - common.py - INFO    : avb_boot_salt             = (str) e5a8f335d3d368c8b151bae6563615b2db81b926c5c50ff287a68f359f571cba
2022-05-20 13:57:42 - common.py - INFO    : avb_building_vbmeta_image = (str) true
2022-05-20 13:57:42 - common.py - INFO    : avb_dtbo_add_hash_footer_args = (str) --prop com.android.build.dtbo.fingerprint:Xiaomi/laurel_sprout/laurel_sprout:11/RKQ1.200903.002/V12.0.20.0.RFQMIXM:user/release-keys
2022-05-20 13:57:42 - common.py - INFO    : avb_enable                = (str) true
2022-05-20 13:57:42 - common.py - INFO    : avb_odm_add_hashtree_footer_args = (str) --prop com.android.build.odm.fingerprint:Xiaomi/laurel_sprout/laurel_sprout:11/RKQ1.200903.002/V12.0.20.0.RFQMIXM:user/release-keys --prop com.android.build.odm.os_version:12
2022-05-20 13:57:42 - common.py - INFO    : avb_odm_dlkm_add_hashtree_footer_args = (str) --prop com.android.build.odm_dlkm.fingerprint:Xiaomi/laurel_sprout/laurel_sprout:11/RKQ1.200903.002/V12.0.20.0.RFQMIXM:user/release-keys --prop com.android.build.odm_dlkm.os_version:12
2022-05-20 13:57:42 - common.py - INFO    : avb_odm_dlkm_hashtree_enable = (str) true
2022-05-20 13:57:42 - common.py - INFO    : avb_odm_hashtree_enable   = (str) true
2022-05-20 13:57:42 - common.py - INFO    : avb_product_add_hashtree_footer_args = (str) --prop com.android.build.product.fingerprint:Xiaomi/laurel_sprout/laurel_sprout:11/RKQ1.200903.002/V12.0.20.0.RFQMIXM:user/release-keys --prop com.android.build.product.os_version:12 --prop com.android.build.product.security_patch:2022-04-05 --prop com.android.build.product.security_patch:2022-04-05
2022-05-20 13:57:42 - common.py - INFO    : avb_product_hashtree_enable = (str) true
2022-05-20 13:57:42 - common.py - INFO    : avb_recovery_add_hash_footer_args = (str) --prop com.android.build.recovery.fingerprint:Xiaomi/laurel_sprout/laurel_sprout:11/RKQ1.200903.002/V12.0.20.0.RFQMIXM:user/release-keys
2022-05-20 13:57:42 - common.py - INFO    : avb_system_add_hashtree_footer_args = (str) --prop com.android.build.system.fingerprint:Xiaomi/laurel_sprout/laurel_sprout:11/RKQ1.200903.002/V12.0.20.0.RFQMIXM:user/release-keys --prop com.android.build.system.os_version:12 --prop com.android.build.system.security_patch:2022-04-05 --prop com.android.build.system.security_patch:2022-04-05 --setup_as_rootfs_from_kernel
2022-05-20 13:57:42 - common.py - INFO    : avb_system_ext_add_hashtree_footer_args = (str) --prop com.android.build.system_ext.fingerprint:Xiaomi/laurel_sprout/laurel_sprout:11/RKQ1.200903.002/V12.0.20.0.RFQMIXM:user/release-keys --prop com.android.build.system_ext.os_version:12 --prop com.android.build.system_ext.security_patch:2022-04-05
2022-05-20 13:57:42 - common.py - INFO    : avb_system_ext_hashtree_enable = (str) true
2022-05-20 13:57:42 - common.py - INFO    : avb_system_hashtree_enable = (str) true
2022-05-20 13:57:42 - common.py - INFO    : avb_system_other_add_hashtree_footer_args = (str) 
2022-05-20 13:57:42 - common.py - INFO    : avb_system_other_hashtree_enable = (str) true
2022-05-20 13:57:42 - common.py - INFO    : avb_system_salt           = (str) e5a8f335d3d368c8b151bae6563615b2db81b926c5c50ff287a68f359f571cba
2022-05-20 13:57:42 - common.py - INFO    : avb_vbmeta_algorithm      = (str) SHA256_RSA4096
2022-05-20 13:57:42 - common.py - INFO    : avb_vbmeta_args           = (str) --set_hashtree_disabled_flag --flags 2 --padding_size 4096
2022-05-20 13:57:42 - common.py - INFO    : avb_vbmeta_key_path       = (str) external/avb/test/data/testkey_rsa4096.pem
2022-05-20 13:57:42 - common.py - INFO    : avb_vendor_add_hashtree_footer_args = (str) --prop com.android.build.vendor.fingerprint:Xiaomi/laurel_sprout/laurel_sprout:11/RKQ1.200903.002/V12.0.20.0.RFQMIXM:user/release-keys --prop com.android.build.vendor.os_version:12 --prop com.android.build.vendor.security_patch:2021-05-05 --prop com.android.build.vendor.security_patch:2021-05-05
2022-05-20 13:57:42 - common.py - INFO    : avb_vendor_boot_add_hash_footer_args = (str) --prop com.android.build.vendor_boot.fingerprint:Xiaomi/laurel_sprout/laurel_sprout:11/RKQ1.200903.002/V12.0.20.0.RFQMIXM:user/release-keys
2022-05-20 13:57:42 - common.py - INFO    : avb_vendor_dlkm_add_hashtree_footer_args = (str) --prop com.android.build.vendor_dlkm.fingerprint:Xiaomi/laurel_sprout/laurel_sprout:11/RKQ1.200903.002/V12.0.20.0.RFQMIXM:user/release-keys --prop com.android.build.vendor_dlkm.os_version:12
2022-05-20 13:57:42 - common.py - INFO    : avb_vendor_dlkm_hashtree_enable = (str) true
2022-05-20 13:57:42 - common.py - INFO    : avb_vendor_hashtree_enable = (str) true
2022-05-20 13:57:42 - common.py - INFO    : avb_vendor_salt           = (str) e5a8f335d3d368c8b151bae6563615b2db81b926c5c50ff287a68f359f571cba
2022-05-20 13:57:42 - common.py - INFO    : blockimgdiff_versions     = (str) 3,4
2022-05-20 13:57:42 - common.py - INFO    : blocksize                 = (int) 131072
2022-05-20 13:57:42 - common.py - INFO    : board_builds_vendorimage  = (str) true
2022-05-20 13:57:42 - common.py - INFO    : board_uses_vendorimage    = (str) true
2022-05-20 13:57:42 - common.py - INFO    : boot.build.prop           = (PartitionBuildProps) <common.PartitionBuildProps object at 0x7f5510fa4550>
2022-05-20 13:57:42 - common.py - INFO    : boot_images               = (str) boot.img
2022-05-20 13:57:42 - common.py - INFO    : boot_size                 = (int) 67108864
2022-05-20 13:57:42 - common.py - INFO    : build.prop                = (PartitionBuildProps) <common.PartitionBuildProps object at 0x7f5511267e90>
2022-05-20 13:57:42 - common.py - INFO    : build_type                = (str) userdebug
2022-05-20 13:57:42 - common.py - INFO    : building_system_image     = (str) true
2022-05-20 13:57:42 - common.py - INFO    : building_vendor_image     = (str) true
2022-05-20 13:57:42 - common.py - INFO    : default_system_dev_certificate = (str) build/make/target/product/security/testkey
2022-05-20 13:57:42 - common.py - INFO    : dtbo_size                 = (str) 8388608
2022-05-20 13:57:42 - common.py - INFO    : erofs_sparse_flag         = (str) -s
2022-05-20 13:57:42 - common.py - INFO    : ext_mkuserimg             = (str) mkuserimg_mke2fs
2022-05-20 13:57:42 - common.py - INFO    : extfs_sparse_flag         = (str) -s
2022-05-20 13:57:42 - common.py - INFO    : f2fs_sparse_flag          = (str) -S
2022-05-20 13:57:42 - common.py - INFO    : fs_type                   = (str) ext4
2022-05-20 13:57:42 - common.py - INFO    : fstab                     = (NoneType) None
2022-05-20 13:57:42 - common.py - INFO    : fstab_version             = (int) 2
2022-05-20 13:57:42 - common.py - INFO    : has_dtbo                  = (str) true
2022-05-20 13:57:42 - common.py - INFO    : lpmake                    = (str) lpmake
2022-05-20 13:57:42 - common.py - INFO    : mkbootimg_args            = (str) --header_version 2
2022-05-20 13:57:42 - common.py - INFO    : mkbootimg_version_args    = (str) --os_version 12 --os_patch_level 2022-04-05
2022-05-20 13:57:42 - common.py - INFO    : multistage_support        = (str) 1
2022-05-20 13:57:42 - common.py - INFO    : no_recovery               = (str) true
2022-05-20 13:57:42 - common.py - INFO    : odm.build.prop            = (PartitionBuildProps) <common.PartitionBuildProps object at 0x7f5510fa4290>
2022-05-20 13:57:42 - common.py - INFO    : odm_dlkm.build.prop       = (PartitionBuildProps) <common.PartitionBuildProps object at 0x7f5510fa4450>
2022-05-20 13:57:42 - common.py - INFO    : oem_selinux_fc            = (str) /root/p404/out/target/product/laurel_sprout/obj/ETC/file_contexts.bin_intermediates/file_contexts.bin
2022-05-20 13:57:42 - common.py - INFO    : product.build.prop        = (PartitionBuildProps) <common.PartitionBuildProps object at 0x7f5510f93cd0>
2022-05-20 13:57:42 - common.py - INFO    : recovery_api_version      = (int) 3
2022-05-20 13:57:42 - common.py - INFO    : recovery_as_boot          = (str) true
2022-05-20 13:57:42 - common.py - INFO    : recovery_mkbootimg_args   = (str) --header_version 2
2022-05-20 13:57:42 - common.py - INFO    : recovery_mount_options    = (str) ext4=max_batch_time=0,commit=1,data=ordered,barrier=1,errors=panic,nodelalloc
2022-05-20 13:57:42 - common.py - INFO    : root_dir                  = (str) /root/p404/out/target/product/laurel_sprout/root
2022-05-20 13:57:42 - common.py - INFO    : squashfs_sparse_flag      = (str) -s
2022-05-20 13:57:42 - common.py - INFO    : super_metadata_device     = (str) 
2022-05-20 13:57:42 - common.py - INFO    : system.build.prop         = (PartitionBuildProps) <common.PartitionBuildProps object at 0x7f5511267e90>
2022-05-20 13:57:42 - common.py - INFO    : system_ext.build.prop     = (PartitionBuildProps) <common.PartitionBuildProps object at 0x7f5510fa4c10>
2022-05-20 13:57:42 - common.py - INFO    : system_root_image         = (str) true
2022-05-20 13:57:42 - common.py - INFO    : system_selinux_fc         = (str) /root/p404/out/target/product/laurel_sprout/obj/ETC/file_contexts.bin_intermediates/file_contexts.bin
2022-05-20 13:57:42 - common.py - INFO    : system_size               = (int) 3221225472
2022-05-20 13:57:42 - common.py - INFO    : tool_extensions           = (str) device/xiaomi/laurel_sprout/../common
2022-05-20 13:57:42 - common.py - INFO    : vbmeta_digest             = (str) 63a27b00484bd79aeb0f8457b6fb9e464752ed34320d9bf3ee31fe0db6feee51
2022-05-20 13:57:42 - common.py - INFO    : vendor.build.prop         = (PartitionBuildProps) <common.PartitionBuildProps object at 0x7f5511563e50>
2022-05-20 13:57:42 - common.py - INFO    : vendor_dlkm.build.prop    = (PartitionBuildProps) <common.PartitionBuildProps object at 0x7f5510fa4350>
2022-05-20 13:57:42 - common.py - INFO    : vendor_fs_type            = (str) ext4
2022-05-20 13:57:42 - common.py - INFO    : vendor_selinux_fc         = (str) /root/p404/out/target/product/laurel_sprout/obj/ETC/file_contexts.bin_intermediates/file_contexts.bin
2022-05-20 13:57:42 - common.py - INFO    : vendor_size               = (int) 1073741824
2022-05-20 13:57:42 - common.py - INFO    : vintf_enforce             = (str) true
2022-05-20 13:57:42 - common.py - INFO    : vintf_include_empty_vendor_sku = (str) true
2022-05-20 13:57:42 - check_target_files_vintf.py - INFO    : Checking VINTF compatibility target files...
2022-05-20 13:57:42 - check_target_files_vintf.py - INFO    : Skipping kernel config checks because PRODUCT_OTA_ENFORCE_VINTF_KERNEL_REQUIREMENTS is not set
2022-05-20 13:57:42 - check_target_files_vintf.py - INFO    : Command `checkvintf --check-compat --dirmap /system:/root/p404/out/soong/.temp/targetfiles-u6AaCr/SYSTEM --dirmap /system_ext:/root/p404/out/soong/.temp/targetfiles-u6AaCr/SYSTEM/system_ext --dirmap /product:/root/p404/out/soong/.temp/targetfiles-u6AaCr/SYSTEM/product --dirmap /vendor:/root/p404/out/soong/.temp/targetfiles-u6AaCr/VENDOR --dirmap /odm:/root/p404/out/soong/.temp/targetfiles-u6AaCr/VENDOR/odm --property ro.product.first_api_level=28 --property ro.boot.product.hardware.sku= --property ro.boot.product.vendor.sku=` returns 'incompatible'
2022-05-20 13:57:42 - check_target_files_vintf.py - INFO    : stdout: INCOMPATIBLE

2022-05-20 13:57:42 - check_target_files_vintf.py - INFO    : stderr: checkvintf I 05-20 13:57:42 2822576 2822576 VintfObject.cpp:58] getFrameworkHalManifest: Reading VINTF information.
checkvintf I 05-20 13:57:42 2822576 2822576 HostFileSystem.cpp:43] Fetch '/root/p404/out/soong/.temp/targetfiles-u6AaCr/SYSTEM/etc/vintf/manifest.xml': OK
checkvintf I 05-20 13:57:42 2822576 2822576 HostFileSystem.cpp:54] List '/root/p404/out/soong/.temp/targetfiles-u6AaCr/SYSTEM/etc/vintf/manifest/': OK
checkvintf I 05-20 13:57:42 2822576 2822576 HostFileSystem.cpp:43] Fetch '/root/p404/out/soong/.temp/targetfiles-u6AaCr/SYSTEM/etc/vintf/manifest/android.hardware.biometrics.fingerprint@2.3-service.laurel_sprout.xml': OK
checkvintf I 05-20 13:57:42 2822576 2822576 HostFileSystem.cpp:43] Fetch '/root/p404/out/soong/.temp/targetfiles-u6AaCr/SYSTEM/etc/vintf/manifest/android.system.keystore2-service.xml': OK
checkvintf I 05-20 13:57:42 2822576 2822576 HostFileSystem.cpp:43] Fetch '/root/p404/out/soong/.temp/targetfiles-u6AaCr/SYSTEM/etc/vintf/manifest/android.system.suspend@1.0-service.xml': OK
checkvintf I 05-20 13:57:42 2822576 2822576 HostFileSystem.cpp:43] Fetch '/root/p404/out/soong/.temp/targetfiles-u6AaCr/SYSTEM/etc/vintf/manifest/android.frameworks.stats@1.0-service.xml': OK
checkvintf I 05-20 13:57:42 2822576 2822576 HostFileSystem.cpp:43] Fetch '/root/p404/out/soong/.temp/targetfiles-u6AaCr/SYSTEM/etc/vintf/manifest/manifest_media_c2_software.xml': OK
checkvintf I 05-20 13:57:42 2822576 2822576 HostFileSystem.cpp:43] Fetch '/root/p404/out/soong/.temp/targetfiles-u6AaCr/SYSTEM/etc/vintf/manifest/manifest_android.frameworks.cameraservice.service@2.2.xml': OK
checkvintf I 05-20 13:57:42 2822576 2822576 HostFileSystem.cpp:43] Fetch '/root/p404/out/soong/.temp/targetfiles-u6AaCr/SYSTEM/etc/vintf/manifest/android.hidl.allocator@1.0-service.xml': OK
checkvintf I 05-20 13:57:42 2822576 2822576 HostFileSystem.cpp:43] Fetch '/root/p404/out/soong/.temp/targetfiles-u6AaCr/SYSTEM/product/etc/vintf/manifest.xml': NAME_NOT_FOUND
checkvintf I 05-20 13:57:42 2822576 2822576 HostFileSystem.cpp:54] List '/root/p404/out/soong/.temp/targetfiles-u6AaCr/SYSTEM/product/etc/vintf/manifest/': NAME_NOT_FOUND
checkvintf I 05-20 13:57:42 2822576 2822576 HostFileSystem.cpp:43] Fetch '/root/p404/out/soong/.temp/targetfiles-u6AaCr/SYSTEM/system_ext/etc/vintf/manifest.xml': OK
checkvintf I 05-20 13:57:42 2822576 2822576 HostFileSystem.cpp:54] List '/root/p404/out/soong/.temp/targetfiles-u6AaCr/SYSTEM/system_ext/etc/vintf/manifest/': NAME_NOT_FOUND
checkvintf I 05-20 13:57:42 2822576 2822576 VintfObject.cpp:58] getDeviceHalManifest: Reading VINTF information.
checkvintf I 05-20 13:57:42 2822576 2822576 check_vintf.cpp:79] Sysprop ro.boot.product.vendor.sku=
checkvintf I 05-20 13:57:42 2822576 2822576 HostFileSystem.cpp:43] Fetch '/root/p404/out/soong/.temp/targetfiles-u6AaCr/VENDOR/etc/vintf/manifest.xml': OK
checkvintf I 05-20 13:57:42 2822576 2822576 HostFileSystem.cpp:54] List '/root/p404/out/soong/.temp/targetfiles-u6AaCr/VENDOR/etc/vintf/manifest/': OK
checkvintf I 05-20 13:57:42 2822576 2822576 HostFileSystem.cpp:43] Fetch '/root/p404/out/soong/.temp/targetfiles-u6AaCr/VENDOR/etc/vintf/manifest/android.hardware.wifi@1.0-service.xml': OK
checkvintf I 05-20 13:57:42 2822576 2822576 HostFileSystem.cpp:43] Fetch '/root/p404/out/soong/.temp/targetfiles-u6AaCr/VENDOR/etc/vintf/manifest/android.hardware.graphics.mapper-impl-qti-display.xml': OK
checkvintf I 05-20 13:57:42 2822576 2822576 HostFileSystem.cpp:43] Fetch '/root/p404/out/soong/.temp/targetfiles-u6AaCr/VENDOR/etc/vintf/manifest/power.xml': OK
checkvintf I 05-20 13:57:42 2822576 2822576 HostFileSystem.cpp:43] Fetch '/root/p404/out/soong/.temp/targetfiles-u6AaCr/VENDOR/etc/vintf/manifest/android.hardware.wifi.supplicant.xml': OK
checkvintf I 05-20 13:57:42 2822576 2822576 HostFileSystem.cpp:43] Fetch '/root/p404/out/soong/.temp/targetfiles-u6AaCr/VENDOR/etc/vintf/manifest/android.hardware.health@2.1.xml': OK
checkvintf I 05-20 13:57:42 2822576 2822576 HostFileSystem.cpp:43] Fetch '/root/p404/out/soong/.temp/targetfiles-u6AaCr/VENDOR/etc/vintf/manifest/vendor.qti.hardware.vibrator.service.xml': OK
checkvintf I 05-20 13:57:42 2822576 2822576 HostFileSystem.cpp:43] Fetch '/root/p404/out/soong/.temp/targetfiles-u6AaCr/VENDOR/etc/vintf/manifest/vendor.qti.gnss@4.0-service.xml': OK
checkvintf I 05-20 13:57:42 2822576 2822576 HostFileSystem.cpp:43] Fetch '/root/p404/out/soong/.temp/targetfiles-u6AaCr/VENDOR/etc/vintf/manifest/android.hardware.power@1.3-service.laurel_sprout.xml': OK
checkvintf I 05-20 13:57:42 2822576 2822576 HostFileSystem.cpp:43] Fetch '/root/p404/out/soong/.temp/targetfiles-u6AaCr/VENDOR/etc/vintf/manifest/android.hardware.graphics.composer-qti-display.xml': OK
checkvintf I 05-20 13:57:42 2822576 2822576 HostFileSystem.cpp:43] Fetch '/root/p404/out/soong/.temp/targetfiles-u6AaCr/VENDOR/etc/vintf/manifest/android.hardware.biometrics.fingerprint@2.1-service.xml': OK
checkvintf I 05-20 13:57:42 2822576 2822576 HostFileSystem.cpp:43] Fetch '/root/p404/out/soong/.temp/targetfiles-u6AaCr/VENDOR/etc/vintf/manifest/android.hardware.gnss@2.1-service-qti.xml': OK
checkvintf I 05-20 13:57:42 2822576 2822576 HostFileSystem.cpp:43] Fetch '/root/p404/out/soong/.temp/targetfiles-u6AaCr/VENDOR/etc/vintf/manifest/android.hardware.usb@1.0-service.xml': OK
checkvintf I 05-20 13:57:42 2822576 2822576 HostFileSystem.cpp:43] Fetch '/root/p404/out/soong/.temp/targetfiles-u6AaCr/VENDOR/etc/vintf/manifest/manifest_android.hardware.drm@1.3-service.widevine.xml': OK
checkvintf I 05-20 13:57:42 2822576 2822576 HostFileSystem.cpp:43] Fetch '/root/p404/out/soong/.temp/targetfiles-u6AaCr/VENDOR/etc/vintf/manifest/android.hardware.wifi.hostapd.xml': OK
checkvintf I 05-20 13:57:42 2822576 2822576 HostFileSystem.cpp:43] Fetch '/root/p404/out/soong/.temp/targetfiles-u6AaCr/VENDOR/etc/vintf/manifest/android.hardware.cas@1.2-service.xml': OK
checkvintf I 05-20 13:57:42 2822576 2822576 HostFileSystem.cpp:43] Fetch '/root/p404/out/soong/.temp/targetfiles-u6AaCr/VENDOR/etc/vintf/manifest/android.hardware.sensors@2.0-multihal.xml': OK
checkvintf I 05-20 13:57:42 2822576 2822576 HostFileSystem.cpp:43] Fetch '/root/p404/out/soong/.temp/targetfiles-u6AaCr/VENDOR/etc/vintf/manifest/android.hardware.light@2.0-service.xiaomi_trinket.xml': OK
checkvintf I 05-20 13:57:42 2822576 2822576 HostFileSystem.cpp:43] Fetch '/root/p404/out/soong/.temp/targetfiles-u6AaCr/VENDOR/etc/vintf/manifest/android.hardware.boot@1.1.xml': OK
checkvintf I 05-20 13:57:42 2822576 2822576 HostFileSystem.cpp:43] Fetch '/root/p404/out/soong/.temp/targetfiles-u6AaCr/VENDOR/etc/vintf/manifest/manifest_android.hardware.drm@1.4-service.clearkey.xml': OK
checkvintf I 05-20 13:57:42 2822576 2822576 HostFileSystem.cpp:43] Fetch '/root/p404/out/soong/.temp/targetfiles-u6AaCr/VENDOR/etc/vintf/manifest/vendor.qti.hardware.display.allocator-service.xml': OK
checkvintf I 05-20 13:57:42 2822576 2822576 check_vintf.cpp:79] Sysprop ro.boot.product.hardware.sku=
checkvintf I 05-20 13:57:42 2822576 2822576 HostFileSystem.cpp:43] Fetch '/root/p404/out/soong/.temp/targetfiles-u6AaCr/VENDOR/odm/etc/vintf/manifest.xml': NAME_NOT_FOUND
checkvintf I 05-20 13:57:42 2822576 2822576 HostFileSystem.cpp:43] Fetch '/root/p404/out/soong/.temp/targetfiles-u6AaCr/VENDOR/odm/etc/manifest.xml': NAME_NOT_FOUND
checkvintf I 05-20 13:57:42 2822576 2822576 HostFileSystem.cpp:54] List '/root/p404/out/soong/.temp/targetfiles-u6AaCr/VENDOR/odm/etc/vintf/manifest/': NAME_NOT_FOUND
checkvintf I 05-20 13:57:42 2822576 2822576 VintfObject.cpp:64] getDeviceHalManifest: Successfully processed VINTF information
checkvintf I 05-20 13:57:42 2822576 2822576 VintfObject.cpp:64] getFrameworkHalManifest: Successfully processed VINTF information
checkvintf I 05-20 13:57:42 2822576 2822576 VintfObject.cpp:58] getFrameworkCompatibilityMatrix: Reading VINTF information.
checkvintf I 05-20 13:57:42 2822576 2822576 HostFileSystem.cpp:54] List '/root/p404/out/soong/.temp/targetfiles-u6AaCr/SYSTEM/etc/vintf/': OK
checkvintf I 05-20 13:57:42 2822576 2822576 HostFileSystem.cpp:43] Fetch '/root/p404/out/soong/.temp/targetfiles-u6AaCr/SYSTEM/etc/vintf/compatibility_matrix.3.xml': OK
checkvintf I 05-20 13:57:42 2822576 2822576 HostFileSystem.cpp:43] Fetch '/root/p404/out/soong/.temp/targetfiles-u6AaCr/SYSTEM/etc/vintf/compatibility_matrix.4.xml': OK
checkvintf I 05-20 13:57:42 2822576 2822576 HostFileSystem.cpp:43] Fetch '/root/p404/out/soong/.temp/targetfiles-u6AaCr/SYSTEM/etc/vintf/compatibility_matrix.5.xml': OK
checkvintf I 05-20 13:57:42 2822576 2822576 HostFileSystem.cpp:43] Fetch '/root/p404/out/soong/.temp/targetfiles-u6AaCr/SYSTEM/etc/vintf/manifest.xml': OK
checkvintf I 05-20 13:57:42 2822576 2822576 HostFileSystem.cpp:43] Fetch '/root/p404/out/soong/.temp/targetfiles-u6AaCr/SYSTEM/etc/vintf/compatibility_matrix.device.xml': OK
checkvintf I 05-20 13:57:42 2822576 2822576 HostFileSystem.cpp:43] Fetch '/root/p404/out/soong/.temp/targetfiles-u6AaCr/SYSTEM/etc/vintf/compatibility_matrix.6.xml': OK
checkvintf I 05-20 13:57:42 2822576 2822576 HostFileSystem.cpp:54] List '/root/p404/out/soong/.temp/targetfiles-u6AaCr/SYSTEM/system_ext/etc/vintf/': OK
checkvintf I 05-20 13:57:42 2822576 2822576 HostFileSystem.cpp:43] Fetch '/root/p404/out/soong/.temp/targetfiles-u6AaCr/SYSTEM/system_ext/etc/vintf/manifest.xml': OK
checkvintf I 05-20 13:57:42 2822576 2822576 HostFileSystem.cpp:54] List '/root/p404/out/soong/.temp/targetfiles-u6AaCr/SYSTEM/product/etc/vintf/': NAME_NOT_FOUND
checkvintf I 05-20 13:57:42 2822576 2822576 VintfObject.cpp:64] getFrameworkCompatibilityMatrix: Successfully processed VINTF information
checkvintf I 05-20 13:57:42 2822576 2822576 VintfObject.cpp:58] getDeviceCompatibilityMatrix: Reading VINTF information.
checkvintf I 05-20 13:57:42 2822576 2822576 HostFileSystem.cpp:43] Fetch '/root/p404/out/soong/.temp/targetfiles-u6AaCr/VENDOR/etc/vintf/compatibility_matrix.xml': OK
checkvintf I 05-20 13:57:42 2822576 2822576 VintfObject.cpp:64] getDeviceCompatibilityMatrix: Successfully processed VINTF information
checkvintf I 05-20 13:57:42 2822576 2822576 HostFileSystem.cpp:54] List '/root/p404/out/soong/.temp/targetfiles-u6AaCr/SYSTEM/etc/vintf/': OK
checkvintf I 05-20 13:57:42 2822576 2822576 HostFileSystem.cpp:43] Fetch '/root/p404/out/soong/.temp/targetfiles-u6AaCr/SYSTEM/etc/vintf/compatibility_matrix.3.xml': OK
checkvintf I 05-20 13:57:42 2822576 2822576 HostFileSystem.cpp:43] Fetch '/root/p404/out/soong/.temp/targetfiles-u6AaCr/SYSTEM/etc/vintf/compatibility_matrix.4.xml': OK
checkvintf I 05-20 13:57:42 2822576 2822576 HostFileSystem.cpp:43] Fetch '/root/p404/out/soong/.temp/targetfiles-u6AaCr/SYSTEM/etc/vintf/compatibility_matrix.5.xml': OK
checkvintf I 05-20 13:57:42 2822576 2822576 HostFileSystem.cpp:43] Fetch '/root/p404/out/soong/.temp/targetfiles-u6AaCr/SYSTEM/etc/vintf/manifest.xml': OK
checkvintf I 05-20 13:57:42 2822576 2822576 HostFileSystem.cpp:43] Fetch '/root/p404/out/soong/.temp/targetfiles-u6AaCr/SYSTEM/etc/vintf/compatibility_matrix.device.xml': OK
checkvintf I 05-20 13:57:42 2822576 2822576 HostFileSystem.cpp:43] Fetch '/root/p404/out/soong/.temp/targetfiles-u6AaCr/SYSTEM/etc/vintf/compatibility_matrix.6.xml': OK
checkvintf I 05-20 13:57:42 2822576 2822576 HostFileSystem.cpp:54] List '/root/p404/out/soong/.temp/targetfiles-u6AaCr/SYSTEM/system_ext/etc/vintf/': OK
checkvintf I 05-20 13:57:42 2822576 2822576 HostFileSystem.cpp:43] Fetch '/root/p404/out/soong/.temp/targetfiles-u6AaCr/SYSTEM/system_ext/etc/vintf/manifest.xml': OK
checkvintf I 05-20 13:57:42 2822576 2822576 HostFileSystem.cpp:54] List '/root/p404/out/soong/.temp/targetfiles-u6AaCr/SYSTEM/product/etc/vintf/': NAME_NOT_FOUND
checkvintf I 05-20 13:57:42 2822576 2822576 HostFileSystem.cpp:54] List '/root/p404/out/soong/.temp/targetfiles-u6AaCr/SYSTEM/etc/vintf/': OK
checkvintf I 05-20 13:57:42 2822576 2822576 HostFileSystem.cpp:43] Fetch '/root/p404/out/soong/.temp/targetfiles-u6AaCr/SYSTEM/etc/vintf/compatibility_matrix.3.xml': OK
checkvintf I 05-20 13:57:42 2822576 2822576 HostFileSystem.cpp:43] Fetch '/root/p404/out/soong/.temp/targetfiles-u6AaCr/SYSTEM/etc/vintf/compatibility_matrix.4.xml': OK
checkvintf I 05-20 13:57:42 2822576 2822576 HostFileSystem.cpp:43] Fetch '/root/p404/out/soong/.temp/targetfiles-u6AaCr/SYSTEM/etc/vintf/compatibility_matrix.5.xml': OK
checkvintf I 05-20 13:57:42 2822576 2822576 HostFileSystem.cpp:43] Fetch '/root/p404/out/soong/.temp/targetfiles-u6AaCr/SYSTEM/etc/vintf/manifest.xml': OK
checkvintf I 05-20 13:57:42 2822576 2822576 HostFileSystem.cpp:43] Fetch '/root/p404/out/soong/.temp/targetfiles-u6AaCr/SYSTEM/etc/vintf/compatibility_matrix.device.xml': OK
checkvintf I 05-20 13:57:42 2822576 2822576 HostFileSystem.cpp:43] Fetch '/root/p404/out/soong/.temp/targetfiles-u6AaCr/SYSTEM/etc/vintf/compatibility_matrix.6.xml': OK
checkvintf I 05-20 13:57:42 2822576 2822576 HostFileSystem.cpp:54] List '/root/p404/out/soong/.temp/targetfiles-u6AaCr/SYSTEM/system_ext/etc/vintf/': OK
checkvintf I 05-20 13:57:42 2822576 2822576 HostFileSystem.cpp:43] Fetch '/root/p404/out/soong/.temp/targetfiles-u6AaCr/SYSTEM/system_ext/etc/vintf/manifest.xml': OK
checkvintf I 05-20 13:57:42 2822576 2822576 HostFileSystem.cpp:54] List '/root/p404/out/soong/.temp/targetfiles-u6AaCr/SYSTEM/product/etc/vintf/': NAME_NOT_FOUND
checkvintf I 05-20 13:57:42 2822576 2822576 HostFileSystem.cpp:54] List '/root/p404/out/soong/.temp/targetfiles-u6AaCr/SYSTEM/etc/vintf/': OK
checkvintf I 05-20 13:57:42 2822576 2822576 HostFileSystem.cpp:43] Fetch '/root/p404/out/soong/.temp/targetfiles-u6AaCr/SYSTEM/etc/vintf/compatibility_matrix.3.xml': OK
checkvintf I 05-20 13:57:42 2822576 2822576 HostFileSystem.cpp:43] Fetch '/root/p404/out/soong/.temp/targetfiles-u6AaCr/SYSTEM/etc/vintf/compatibility_matrix.4.xml': OK
checkvintf I 05-20 13:57:42 2822576 2822576 HostFileSystem.cpp:43] Fetch '/root/p404/out/soong/.temp/targetfiles-u6AaCr/SYSTEM/etc/vintf/compatibility_matrix.5.xml': OK
checkvintf I 05-20 13:57:42 2822576 2822576 HostFileSystem.cpp:43] Fetch '/root/p404/out/soong/.temp/targetfiles-u6AaCr/SYSTEM/etc/vintf/manifest.xml': OK
checkvintf I 05-20 13:57:42 2822576 2822576 HostFileSystem.cpp:43] Fetch '/root/p404/out/soong/.temp/targetfiles-u6AaCr/SYSTEM/etc/vintf/compatibility_matrix.device.xml': OK
checkvintf I 05-20 13:57:42 2822576 2822576 HostFileSystem.cpp:43] Fetch '/root/p404/out/soong/.temp/targetfiles-u6AaCr/SYSTEM/etc/vintf/compatibility_matrix.6.xml': OK
checkvintf I 05-20 13:57:42 2822576 2822576 HostFileSystem.cpp:54] List '/root/p404/out/soong/.temp/targetfiles-u6AaCr/SYSTEM/system_ext/etc/vintf/': OK
checkvintf I 05-20 13:57:42 2822576 2822576 HostFileSystem.cpp:43] Fetch '/root/p404/out/soong/.temp/targetfiles-u6AaCr/SYSTEM/system_ext/etc/vintf/manifest.xml': OK
checkvintf I 05-20 13:57:42 2822576 2822576 HostFileSystem.cpp:54] List '/root/p404/out/soong/.temp/targetfiles-u6AaCr/SYSTEM/product/etc/vintf/': NAME_NOT_FOUND
checkvintf I 05-20 13:57:42 2822576 2822576 check_vintf.cpp:388] The following HALs in device manifest are not declared in FCM <= level 3: 
checkvintf I 05-20 13:57:42 2822576 2822576 check_vintf.cpp:391]   android.hardware.audio.effect@6.0::IEffectsFactory/default
checkvintf I 05-20 13:57:42 2822576 2822576 check_vintf.cpp:391]   android.hardware.audio@6.0::IDevicesFactory/default
checkvintf I 05-20 13:57:42 2822576 2822576 check_vintf.cpp:391]   android.hardware.bluetooth.audio@2.1::IBluetoothAudioProvidersFactory/default
checkvintf I 05-20 13:57:42 2822576 2822576 check_vintf.cpp:391]   android.hardware.boot@1.1::IBootControl/default
checkvintf I 05-20 13:57:42 2822576 2822576 check_vintf.cpp:391]   android.hardware.cas@1.2::IMediaCasService/default
checkvintf I 05-20 13:57:42 2822576 2822576 check_vintf.cpp:391]   android.hardware.drm@1.3::ICryptoFactory/wfdhdcp
checkvintf I 05-20 13:57:42 2822576 2822576 check_vintf.cpp:391]   android.hardware.drm@1.3::ICryptoFactory/widevine
checkvintf I 05-20 13:57:42 2822576 2822576 check_vintf.cpp:391]   android.hardware.drm@1.3::IDrmFactory/wfdhdcp
checkvintf I 05-20 13:57:42 2822576 2822576 check_vintf.cpp:391]   android.hardware.drm@1.3::IDrmFactory/widevine
checkvintf I 05-20 13:57:42 2822576 2822576 check_vintf.cpp:391]   android.hardware.drm@1.4::ICryptoFactory/clearkey
checkvintf I 05-20 13:57:42 2822576 2822576 check_vintf.cpp:391]   android.hardware.drm@1.4::IDrmFactory/clearkey
checkvintf I 05-20 13:57:42 2822576 2822576 check_vintf.cpp:391]   android.hardware.health@2.1::IHealth/default
checkvintf I 05-20 13:57:42 2822576 2822576 check_vintf.cpp:391]   android.hardware.power.IPower/default (@1)
checkvintf I 05-20 13:57:42 2822576 2822576 check_vintf.cpp:391]   android.hardware.radio@1.5::IRadio/slot1
checkvintf I 05-20 13:57:42 2822576 2822576 check_vintf.cpp:391]   android.hardware.radio@1.5::IRadio/slot2
checkvintf I 05-20 13:57:42 2822576 2822576 check_vintf.cpp:391]   android.hardware.secure_element@1.2::ISecureElement/SIM1
checkvintf I 05-20 13:57:42 2822576 2822576 check_vintf.cpp:391]   android.hardware.secure_element@1.2::ISecureElement/SIM2
checkvintf I 05-20 13:57:42 2822576 2822576 check_vintf.cpp:391]   android.hardware.sensors@2.0::ISensors/default
checkvintf I 05-20 13:57:42 2822576 2822576 check_vintf.cpp:391]   android.hardware.vibrator.IVibrator/default (@1)
checkvintf I 05-20 13:57:42 2822576 2822576 check_vintf.cpp:391]   android.hardware.wifi.hostapd@1.3::IHostapd/default
checkvintf I 05-20 13:57:42 2822576 2822576 check_vintf.cpp:391]   android.hardware.wifi.supplicant@1.4::ISupplicant/default
checkvintf I 05-20 13:57:42 2822576 2822576 check_vintf.cpp:391]   android.hardware.wifi@1.5::IWifi/default
checkvintf I 05-20 13:57:42 2822576 2822576 check_vintf.cpp:391]   vendor.goodix.hardware.biometrics.fingerprint@2.1::IGoodixFingerprintDaemon/default
checkvintf I 05-20 13:57:42 2822576 2822576 check_vintf.cpp:391]   vendor.lineage.livedisplay@2.0::IPictureAdjustment/default
checkvintf I 05-20 13:57:42 2822576 2822576 check_vintf.cpp:391]   vendor.qti.hardware.fingerprintext@1.0::IWTFingerprint/default
checkvintf I 05-20 13:57:42 2822576 2822576 check_vintf.cpp:391]   vendor.qti.hardware.radio.qcriNvOpt@1.0::IqcriNvOpt/qcrinvopt0
checkvintf I 05-20 13:57:42 2822576 2822576 check_vintf.cpp:391]   vendor.qti.hardware.radio.qcriNvOpt@1.0::IqcriNvOpt/qcrinvopt1
checkvintf I 05-20 13:57:42 2822576 2822576 check_vintf.cpp:391]   vendor.xiaomi.hardware.fingerprintextension@1.0::IXiaomiFingerprint/default
checkvintf E 05-20 13:57:42 2822576 2822576 check_vintf.cpp:620] files are incompatible: The following instances are in the device manifest but not specified in framework compatibility matrix: 
checkvintf E 05-20 13:57:42 2822576 2822576 check_vintf.cpp:620]     vendor.goodix.hardware.biometrics.fingerprint@2.1::IGoodixFingerprintDaemon/default
checkvintf E 05-20 13:57:42 2822576 2822576 check_vintf.cpp:620]     vendor.lineage.livedisplay@2.0::IPictureAdjustment/default
checkvintf E 05-20 13:57:42 2822576 2822576 check_vintf.cpp:620]     vendor.qti.hardware.fingerprintext@1.0::IWTFingerprint/default
checkvintf E 05-20 13:57:42 2822576 2822576 check_vintf.cpp:620]     vendor.qti.hardware.radio.qcriNvOpt@1.0::IqcriNvOpt/qcrinvopt0
checkvintf E 05-20 13:57:42 2822576 2822576 check_vintf.cpp:620]     vendor.qti.hardware.radio.qcriNvOpt@1.0::IqcriNvOpt/qcrinvopt1
checkvintf E 05-20 13:57:42 2822576 2822576 check_vintf.cpp:620]     vendor.xiaomi.hardware.fingerprintextension@1.0::IXiaomiFingerprint/default
checkvintf E 05-20 13:57:42 2822576 2822576 check_vintf.cpp:620] Suggested fix:
checkvintf E 05-20 13:57:42 2822576 2822576 check_vintf.cpp:620] 1. Update deprecated HALs to the latest version.
checkvintf E 05-20 13:57:42 2822576 2822576 check_vintf.cpp:620] 2. Check for any typos in device manifest or framework compatibility matrices with FCM version >= 3.
checkvintf E 05-20 13:57:42 2822576 2822576 check_vintf.cpp:620] 3. For new platform HALs, add them to any framework compatibility matrix with FCM version >= 3 where applicable.
checkvintf E 05-20 13:57:42 2822576 2822576 check_vintf.cpp:620] 4. For device-specific HALs, add to DEVICE_FRAMEWORK_COMPATIBILITY_MATRIX_FILE or DEVICE_PRODUCT_COMPATIBILITY_MATRIX_FILE.: Success

Traceback (most recent call last):
  File "/root/p404/out/host/linux-x86/bin/ota_from_target_files/internal/stdlib/runpy.py", line 174, in _run_module_as_main
  File "/root/p404/out/host/linux-x86/bin/ota_from_target_files/internal/stdlib/runpy.py", line 72, in _run_code
  File "/root/p404/out/host/linux-x86/bin/ota_from_target_files/__main__.py", line 12, in <module>
  File "/root/p404/out/host/linux-x86/bin/ota_from_target_files/internal/stdlib/runpy.py", line 174, in _run_module_as_main
  File "/root/p404/out/host/linux-x86/bin/ota_from_target_files/internal/stdlib/runpy.py", line 72, in _run_code
  File "/root/p404/out/host/linux-x86/bin/ota_from_target_files/ota_from_target_files.py", line 1496, in <module>
  File "/root/p404/out/host/linux-x86/bin/ota_from_target_files/ota_from_target_files.py", line 1470, in main
  File "/root/p404/out/host/linux-x86/bin/ota_from_target_files/ota_from_target_files.py", line 1100, in GenerateAbOtaPackage
  File "/root/p404/out/host/linux-x86/bin/ota_from_target_files/check_target_files_vintf.py", line 245, in CheckVintfIfTrebleEnabled
RuntimeError: VINTF compatibility check failed

